2023-02-17 07:40:05,591 [SpringApplicationShutdownHook] INFO  o.s.o.j.LocalContainerEntityManagerFactoryBean     - Closing JPA EntityManagerFactory for persistence unit 'default'
2023-02-17 07:40:05,753 [SpringApplicationShutdownHook] INFO  com.zaxxer.hikari.HikariDataSource                 - HikariPool-1 - Shutdown initiated...
2023-02-17 07:40:05,761 [SpringApplicationShutdownHook] INFO  com.zaxxer.hikari.HikariDataSource                 - HikariPool-1 - Shutdown completed.
2023-02-17 10:04:49,066 [restartedMain] INFO  c.ecommerce.site.admin.AdminApplication            - Starting AdminApplication using Java 17.0.5 with PID 12792 (C:\Users\mrche\Downloads\ecommerce-webapp\site\admin\target\classes started by Nguyen Thanh Phuong in C:\Users\mrche\Downloads\ecommerce-webapp\site\admin)
2023-02-17 10:04:49,068 [restartedMain] DEBUG c.ecommerce.site.admin.AdminApplication            - Running with Spring Boot v3.0.0, Spring v6.0.2
2023-02-17 10:04:49,068 [restartedMain] INFO  c.ecommerce.site.admin.AdminApplication            - The following 2 profiles are active: "enc", "local-ssl"
2023-02-17 10:04:49,108 [restartedMain] INFO  o.s.boot.devtools.restart.ChangeableUrls           - The Class-Path manifest attribute in C:\Users\mrche\.m2\repository\com\sun\xml\bind\jaxb-impl\4.0.1\jaxb-impl-4.0.1.jar referenced one or more files that do not exist: file:/C:/Users/mrche/.m2/repository/com/sun/xml/bind/jaxb-impl/4.0.1/jaxb-core.jar,file:/C:/Users/mrche/.m2/repository/com/sun/xml/bind/jaxb-impl/4.0.1/angus-activation.jar
2023-02-17 10:04:49,108 [restartedMain] INFO  o.s.boot.devtools.restart.ChangeableUrls           - The Class-Path manifest attribute in C:\Users\mrche\.m2\repository\com\sun\xml\bind\jaxb-core\4.0.1\jaxb-core-4.0.1.jar referenced one or more files that do not exist: file:/C:/Users/mrche/.m2/repository/com/sun/xml/bind/jaxb-core/4.0.1/jakarta.activation-api.jar,file:/C:/Users/mrche/.m2/repository/com/sun/xml/bind/jaxb-core/4.0.1/jakarta.xml.bind-api.jar
2023-02-17 10:04:49,108 [restartedMain] INFO  o.s.boot.devtools.restart.ChangeableUrls           - The Class-Path manifest attribute in C:\Users\mrche\.m2\repository\com\oracle\database\jdbc\ojdbc8\21.7.0.0\ojdbc8-21.7.0.0.jar referenced one or more files that do not exist: file:/C:/Users/mrche/.m2/repository/com/oracle/database/jdbc/ojdbc8/21.7.0.0/oraclepki.jar
2023-02-17 10:04:49,108 [restartedMain] INFO  o.s.b.d.e.DevToolsPropertyDefaultsPostProcessor    - Devtools property defaults active! Set 'spring.devtools.add-properties' to 'false' to disable
2023-02-17 10:04:49,108 [restartedMain] INFO  o.s.b.d.e.DevToolsPropertyDefaultsPostProcessor    - For additional web related logging consider setting the 'logging.level.web' property to 'DEBUG'
2023-02-17 10:04:49,554 [restartedMain] INFO  o.s.d.r.c.RepositoryConfigurationDelegate          - Bootstrapping Spring Data JPA repositories in DEFAULT mode.
2023-02-17 10:04:49,622 [restartedMain] INFO  o.s.d.r.c.RepositoryConfigurationDelegate          - Finished Spring Data repository scanning in 62 ms. Found 11 JPA repository interfaces.
2023-02-17 10:04:49,952 [restartedMain] WARN  o.s.c.LocalVariableTableParameterNameDiscoverer    - Using deprecated '-debug' fallback for parameter name resolution. Compile the affected code with '-parameters' instead or avoid its introspection: com.ulisesbocchio.jasyptspringboot.configuration.EnableEncryptablePropertiesConfiguration
2023-02-17 10:04:49,963 [restartedMain] WARN  o.s.c.LocalVariableTableParameterNameDiscoverer    - Using deprecated '-debug' fallback for parameter name resolution. Compile the affected code with '-parameters' instead or avoid its introspection: com.ulisesbocchio.jasyptspringboot.configuration.EncryptablePropertyResolverConfiguration
2023-02-17 10:04:49,977 [restartedMain] WARN  o.s.c.LocalVariableTableParameterNameDiscoverer    - Using deprecated '-debug' fallback for parameter name resolution. Compile the affected code with '-parameters' instead or avoid its introspection: com.ulisesbocchio.jasyptspringboot.configuration.EncryptablePropertySourceConfiguration
2023-02-17 10:04:50,010 [restartedMain] INFO  c.u.j.c.EnableEncryptablePropertiesBeanFactoryPostProcessor - Post-processing PropertySource instances
2023-02-17 10:04:50,010 [restartedMain] INFO  c.u.j.EncryptablePropertySourceConverter           - Skipping PropertySource configurationProperties [class org.springframework.boot.context.properties.source.ConfigurationPropertySourcesPropertySource
2023-02-17 10:04:50,011 [restartedMain] INFO  c.u.j.EncryptablePropertySourceConverter           - Skipping PropertySource servletConfigInitParams [class org.springframework.core.env.PropertySource$StubPropertySource
2023-02-17 10:04:50,012 [restartedMain] INFO  c.u.j.EncryptablePropertySourceConverter           - Skipping PropertySource servletContextInitParams [class org.springframework.core.env.PropertySource$StubPropertySource
2023-02-17 10:04:50,012 [restartedMain] INFO  c.u.j.EncryptablePropertySourceConverter           - Converting PropertySource systemProperties [org.springframework.core.env.PropertiesPropertySource] to EncryptableMapPropertySourceWrapper
2023-02-17 10:04:50,012 [restartedMain] INFO  c.u.j.EncryptablePropertySourceConverter           - Converting PropertySource systemEnvironment [org.springframework.boot.env.SystemEnvironmentPropertySourceEnvironmentPostProcessor$OriginAwareSystemEnvironmentPropertySource] to EncryptableSystemEnvironmentPropertySourceWrapper
2023-02-17 10:04:50,013 [restartedMain] INFO  c.u.j.EncryptablePropertySourceConverter           - Converting PropertySource random [org.springframework.boot.env.RandomValuePropertySource] to EncryptablePropertySourceWrapper
2023-02-17 10:04:50,013 [restartedMain] INFO  c.u.j.EncryptablePropertySourceConverter           - Converting PropertySource Config resource 'class path resource [local-ssl.properties]' via location 'local-ssl.properties' [org.springframework.boot.env.OriginTrackedMapPropertySource] to EncryptableMapPropertySourceWrapper
2023-02-17 10:04:50,013 [restartedMain] INFO  c.u.j.EncryptablePropertySourceConverter           - Converting PropertySource Config resource 'class path resource [encrypted.properties]' via location 'encrypted.properties' [org.springframework.boot.env.OriginTrackedMapPropertySource] to EncryptableMapPropertySourceWrapper
2023-02-17 10:04:50,013 [restartedMain] INFO  c.u.j.EncryptablePropertySourceConverter           - Converting PropertySource Config resource 'class path resource [application.properties]' via location 'optional:classpath:/' [org.springframework.boot.env.OriginTrackedMapPropertySource] to EncryptableMapPropertySourceWrapper
2023-02-17 10:04:50,013 [restartedMain] INFO  c.u.j.EncryptablePropertySourceConverter           - Converting PropertySource devtools [org.springframework.core.env.MapPropertySource] to EncryptableMapPropertySourceWrapper
2023-02-17 10:04:50,018 [restartedMain] INFO  c.u.j.c.EncryptablePropertySourceBeanFactoryPostProcessor - Loading Encryptable Property Source 'EncryptedProperties'
2023-02-17 10:04:50,020 [restartedMain] INFO  c.u.j.c.EncryptablePropertySourceBeanFactoryPostProcessor - Created Encryptable Property Source 'EncryptedProperties' from locations: [classpath:encrypted.properties]
2023-02-17 10:04:50,060 [restartedMain] INFO  o.s.c.s.PostProcessorRegistrationDelegate$BeanPostProcessorChecker - Bean 'org.springframework.ws.config.annotation.DelegatingWsConfiguration' of type [org.springframework.ws.config.annotation.DelegatingWsConfiguration$$SpringCGLIB$$0] is not eligible for getting processed by all BeanPostProcessors (for example: not eligible for auto-proxying)
2023-02-17 10:04:50,077 [restartedMain] INFO  o.s.w.s.a.s.AnnotationActionEndpointMapping        - Supporting [WS-Addressing August 2004, WS-Addressing 1.0]
2023-02-17 10:04:50,279 [restartedMain] INFO  c.u.j.filter.DefaultLazyPropertyFilter             - Property Filter custom Bean not found with name 'encryptablePropertyFilter'. Initializing Default Property Filter
2023-02-17 10:04:50,286 [restartedMain] INFO  c.u.j.r.DefaultLazyPropertyResolver                - Property Resolver custom Bean not found with name 'encryptablePropertyResolver'. Initializing Default Property Resolver
2023-02-17 10:04:50,287 [restartedMain] INFO  c.u.j.d.DefaultLazyPropertyDetector                - Property Detector custom Bean not found with name 'encryptablePropertyDetector'. Initializing Default Property Detector
2023-02-17 10:04:50,468 [restartedMain] INFO  o.s.b.w.embedded.tomcat.TomcatWebServer            - Tomcat initialized with port(s): 8080 (https)
2023-02-17 10:04:50,477 [restartedMain] INFO  o.apache.catalina.core.StandardService             - Starting service [Tomcat]
2023-02-17 10:04:50,478 [restartedMain] INFO  org.apache.catalina.core.StandardEngine            - Starting Servlet engine: [Apache Tomcat/10.1.1]
2023-02-17 10:04:50,526 [restartedMain] INFO  o.a.c.c.C.[.[.[/ecommerce/admin]                   - Initializing Spring embedded WebApplicationContext
2023-02-17 10:04:50,526 [restartedMain] INFO  o.s.b.w.s.c.ServletWebServerApplicationContext     - Root WebApplicationContext: initialization completed in 1417 ms
2023-02-17 10:04:50,613 [restartedMain] INFO  c.u.j.encryptor.DefaultLazyEncryptor               - Found Custom Encryptor Bean org.jasypt.encryption.pbe.PooledPBEStringEncryptor@7bf21f4b with name: jasyptStringEncryptor
2023-02-17 10:04:50,755 [restartedMain] INFO  o.hibernate.jpa.internal.util.LogHelper            - HHH000204: Processing PersistenceUnitInfo [name: default]
2023-02-17 10:04:50,794 [restartedMain] INFO  org.hibernate.Version                              - HHH000412: Hibernate ORM core version 6.1.5.Final
2023-02-17 10:04:50,997 [restartedMain] INFO  com.zaxxer.hikari.HikariDataSource                 - HikariPool-1 - Starting...
2023-02-17 10:04:51,164 [restartedMain] INFO  com.zaxxer.hikari.pool.HikariPool                  - HikariPool-1 - Added connection oracle.jdbc.driver.T4CConnection@70fbf0e2
2023-02-17 10:04:51,165 [restartedMain] INFO  com.zaxxer.hikari.HikariDataSource                 - HikariPool-1 - Start completed.
2023-02-17 10:04:51,181 [restartedMain] INFO  SQL dialect                                        - HHH000400: Using dialect: org.hibernate.dialect.OracleDialect
2023-02-17 10:04:52,290 [restartedMain] INFO  o.h.e.t.j.p.i.JtaPlatformInitiator                 - HHH000490: Using JtaPlatform implementation: [org.hibernate.engine.transaction.jta.platform.internal.NoJtaPlatform]
2023-02-17 10:04:52,299 [restartedMain] INFO  o.s.o.j.LocalContainerEntityManagerFactoryBean     - Initialized JPA EntityManagerFactory for persistence unit 'default'
2023-02-17 10:04:53,296 [restartedMain] WARN  o.s.c.LocalVariableTableParameterNameDiscoverer    - Using deprecated '-debug' fallback for parameter name resolution. Compile the affected code with '-parameters' instead or avoid its introspection: com.ulisesbocchio.jasyptspringboot.configuration.CachingConfiguration
2023-02-17 10:04:53,442 [restartedMain] INFO  o.s.b.a.w.s.WelcomePageHandlerMapping              - Adding welcome page template: index
2023-02-17 10:04:53,932 [restartedMain] INFO  o.s.s.web.DefaultSecurityFilterChain               - Will secure any request with [org.springframework.security.web.session.DisableEncodeUrlFilter@32fc2059, org.springframework.security.web.context.request.async.WebAsyncManagerIntegrationFilter@15bc50f4, org.springframework.security.web.context.SecurityContextHolderFilter@6f2a1ff9, org.springframework.security.web.header.HeaderWriterFilter@40c3c980, org.springframework.security.web.csrf.CsrfFilter@2eece923, org.springframework.security.web.authentication.logout.LogoutFilter@36698c1, org.springframework.security.web.authentication.UsernamePasswordAuthenticationFilter@7a7da419, org.springframework.security.web.authentication.www.BasicAuthenticationFilter@1bc661ae, org.springframework.security.web.savedrequest.RequestCacheAwareFilter@332ea584, org.springframework.security.web.servletapi.SecurityContextHolderAwareRequestFilter@496d718, org.springframework.security.web.authentication.rememberme.RememberMeAuthenticationFilter@55c69a17, org.springframework.security.web.authentication.AnonymousAuthenticationFilter@59a7005d, org.springframework.security.web.access.ExceptionTranslationFilter@74e3033d, org.springframework.security.web.access.intercept.AuthorizationFilter@7924ce8d]
2023-02-17 10:04:54,329 [restartedMain] INFO  o.s.b.d.a.OptionalLiveReloadServer                 - LiveReload server is running on port 35729
2023-02-17 10:04:54,548 [restartedMain] INFO  o.s.b.w.embedded.tomcat.TomcatWebServer            - Tomcat started on port(s): 8080 (https) with context path '/ecommerce/admin'
2023-02-17 10:04:54,550 [restartedMain] INFO  c.u.j.c.RefreshScopeRefreshedEventListener         - Refreshing cached encryptable property sources on ServletWebServerInitializedEvent
2023-02-17 10:04:54,551 [restartedMain] INFO  c.u.j.c.CachingDelegateEncryptablePropertySource   - Property Source systemProperties refreshed
2023-02-17 10:04:54,551 [restartedMain] INFO  c.u.j.c.CachingDelegateEncryptablePropertySource   - Property Source systemEnvironment refreshed
2023-02-17 10:04:54,551 [restartedMain] INFO  c.u.j.c.CachingDelegateEncryptablePropertySource   - Property Source random refreshed
2023-02-17 10:04:54,551 [restartedMain] INFO  c.u.j.c.CachingDelegateEncryptablePropertySource   - Property Source Config resource 'class path resource [local-ssl.properties]' via location 'local-ssl.properties' refreshed
2023-02-17 10:04:54,551 [restartedMain] INFO  c.u.j.c.CachingDelegateEncryptablePropertySource   - Property Source Config resource 'class path resource [encrypted.properties]' via location 'encrypted.properties' refreshed
2023-02-17 10:04:54,551 [restartedMain] INFO  c.u.j.c.CachingDelegateEncryptablePropertySource   - Property Source Config resource 'class path resource [application.properties]' via location 'optional:classpath:/' refreshed
2023-02-17 10:04:54,551 [restartedMain] INFO  c.u.j.c.CachingDelegateEncryptablePropertySource   - Property Source devtools refreshed
2023-02-17 10:04:54,551 [restartedMain] INFO  c.u.j.c.CachingDelegateEncryptablePropertySource   - Property Source EncryptedProperties refreshed
2023-02-17 10:04:54,551 [restartedMain] INFO  c.u.j.EncryptablePropertySourceConverter           - Skipping PropertySource configurationProperties [class org.springframework.boot.context.properties.source.ConfigurationPropertySourcesPropertySource
2023-02-17 10:04:54,551 [restartedMain] INFO  c.u.j.EncryptablePropertySourceConverter           - Skipping PropertySource servletConfigInitParams [class org.springframework.core.env.PropertySource$StubPropertySource
2023-02-17 10:04:54,551 [restartedMain] INFO  c.u.j.EncryptablePropertySourceConverter           - Converting PropertySource servletContextInitParams [org.springframework.web.context.support.ServletContextPropertySource] to EncryptableEnumerablePropertySourceWrapper
2023-02-17 10:04:54,558 [restartedMain] INFO  c.ecommerce.site.admin.AdminApplication            - Started AdminApplication in 5.81 seconds (process running for 6.598)
2023-02-17 10:05:26,609 [https-jsse-nio-8080-exec-5] INFO  o.a.c.c.C.[.[.[/ecommerce/admin]                   - Initializing Spring DispatcherServlet 'dispatcherServlet'
2023-02-17 10:05:26,609 [https-jsse-nio-8080-exec-5] INFO  o.s.web.servlet.DispatcherServlet                  - Initializing Servlet 'dispatcherServlet'
2023-02-17 10:05:26,610 [https-jsse-nio-8080-exec-5] INFO  o.s.web.servlet.DispatcherServlet                  - Completed initialization in 1 ms
2023-02-17 10:08:28,916 [SpringApplicationShutdownHook] INFO  o.s.o.j.LocalContainerEntityManagerFactoryBean     - Closing JPA EntityManagerFactory for persistence unit 'default'
2023-02-17 10:08:28,919 [SpringApplicationShutdownHook] INFO  com.zaxxer.hikari.HikariDataSource                 - HikariPool-1 - Shutdown initiated...
2023-02-17 10:08:28,922 [SpringApplicationShutdownHook] INFO  com.zaxxer.hikari.HikariDataSource                 - HikariPool-1 - Shutdown completed.
